{
  "RSpec": {
    "coverage": {
      "/Users/Bovverskin/rails_messaging_oct_18_team1/app/models/user.rb": [
        1,
        null,
        null,
        1,
        null,
        null,
        1,
        1,
        1,
        null,
        1,
        null,
        1,
        0,
        null,
        null,
        1,
        0,
        null,
        null
      ],
      "/Users/Bovverskin/rails_messaging_oct_18_team1/app/models/application_record.rb": [
        1,
        1,
        null
      ],
      "/Users/Bovverskin/rails_messaging_oct_18_team1/app/helpers/application_helper.rb": [
        1,
        1,
        0,
        0,
        0,
        0,
        0,
        null,
        null,
        1,
        0,
        null,
        null
      ],
      "/Users/Bovverskin/rails_messaging_oct_18_team1/app/helpers/mailbox_helper.rb": [
        1,
        1,
        null,
        null,
        0,
        null,
        null
      ],
      "/Users/Bovverskin/rails_messaging_oct_18_team1/app/controllers/application_controller.rb": [
        0,
        null,
        null,
        0,
        null,
        0,
        null,
        0,
        null,
        0,
        null,
        0,
        0,
        0,
        null,
        0,
        0,
        0,
        null,
        0,
        null,
        0,
        0,
        0,
        0,
        0
      ],
      "/Users/Bovverskin/rails_messaging_oct_18_team1/app/controllers/mailbox_controller.rb": [
        0,
        0,
        null,
        0,
        0,
        0,
        0,
        null,
        0,
        0,
        0,
        0,
        null,
        0,
        0,
        0,
        0,
        0
      ],
      "/Users/Bovverskin/rails_messaging_oct_18_team1/app/controllers/conversations_controller.rb": [
        0,
        0,
        null,
        0,
        0,
        null,
        0,
        0,
        0,
        0,
        0,
        0,
        0,
        0,
        0,
        0,
        0,
        0,
        0,
        0,
        null,
        0,
        0,
        null,
        0,
        0,
        null,
        0,
        0,
        0,
        0,
        0,
        null,
        0,
        0,
        0,
        0,
        null,
        0,
        0,
        0,
        0,
        null,
        0,
        null,
        0,
        0,
        0,
        null,
        0,
        0,
        0,
        null,
        0
      ],
      "/Users/Bovverskin/rails_messaging_oct_18_team1/app/controllers/welcome_controller.rb": [
        0,
        0,
        0,
        0
      ]
    },
    "timestamp": 1545566709
  },
  "Cucumber Features": {
    "coverage": {
      "/Users/Bovverskin/rails_messaging_oct_18_team1/app/controllers/conversations_controller.rb": [
        1,
        1,
        null,
        1,
        null,
        null,
        1,
        0,
        0,
        0,
        0,
        0,
        0,
        0,
        0,
        null,
        0,
        0,
        null,
        null,
        null,
        1,
        0,
        null,
        0,
        null,
        null,
        1,
        0,
        0,
        0,
        null,
        null,
        1,
        0,
        0,
        null,
        null,
        1,
        0,
        0,
        null,
        null,
        1,
        null,
        1,
        0,
        null,
        null,
        1,
        0,
        null,
        null,
        null
      ],
      "/Users/Bovverskin/rails_messaging_oct_18_team1/app/controllers/application_controller.rb": [
        1,
        null,
        null,
        1,
        null,
        1,
        null,
        1,
        null,
        1,
        null,
        1,
        0,
        null,
        null,
        1,
        0,
        null,
        null,
        1,
        null,
        1,
        13,
        13,
        null,
        null
      ],
      "/Users/Bovverskin/rails_messaging_oct_18_team1/app/helpers/application_helper.rb": [
        1,
        1,
        2,
        0,
        0,
        2,
        0,
        null,
        null,
        1,
        3,
        null,
        null
      ],
      "/Users/Bovverskin/rails_messaging_oct_18_team1/app/helpers/mailbox_helper.rb": [
        1,
        1,
        null,
        null,
        0,
        null,
        null
      ],
      "/Users/Bovverskin/rails_messaging_oct_18_team1/app/controllers/welcome_controller.rb": [
        1,
        1,
        null,
        null
      ],
      "/Users/Bovverskin/rails_messaging_oct_18_team1/app/models/application_record.rb": [
        0,
        0,
        0
      ],
      "/Users/Bovverskin/rails_messaging_oct_18_team1/app/models/user.rb": [
        0,
        null,
        null,
        0,
        0,
        null,
        0,
        0,
        0,
        null,
        0,
        null,
        0,
        0,
        0,
        null,
        0,
        0,
        0,
        0
      ],
      "/Users/Bovverskin/rails_messaging_oct_18_team1/app/controllers/mailbox_controller.rb": [
        0,
        0,
        null,
        0,
        0,
        0,
        0,
        null,
        0,
        0,
        0,
        0,
        null,
        0,
        0,
        0,
        0,
        0
      ]
    },
    "timestamp": 1545566715
  }
}
